time=2026-03-18T21:53:54.401+03:00 level=INFO msg="Daemon started (interval: %v, auto-commit: %v, auto-push: %v)" !BADKEY=5s !BADKEY=false !BADKEY=false
time=2026-03-18T21:53:54.401+03:00 level=INFO msg="using database" path=/Users/egv/dev/yolo-runner/.yolo-runner/clones/yolo-c72.4.3/internal/beads/.beads/beads.db
time=2026-03-18T21:53:54.407+03:00 level=INFO msg="database opened" path=/Users/egv/dev/yolo-runner/.yolo-runner/clones/yolo-c72.4.3/internal/beads/.beads/beads.db backend=sqlite freshness_checking=true
time=2026-03-18T21:53:54.407+03:00 level=INFO msg="upgrading .beads/.gitignore"
time=2026-03-18T21:53:54.407+03:00 level=WARN msg="failed to upgrade .gitignore" error="open .beads/.gitignore: no such file or directory"
time=2026-03-18T21:53:54.407+03:00 level=ERROR msg="repository fingerprint validation failed" error="\nLEGACY DATABASE DETECTED!\n\nThis database was created before version 0.17.5 and lacks a repository fingerprint.\nTo continue using this database, you must explicitly set its repository ID:\n\n  bd migrate --update-repo-id\n\nThis ensures the database is bound to this repository and prevents accidental\ndatabase sharing between different repositories.\n\nIf this is a fresh clone, run:\n  rm -rf .beads && bd init\n\nNote: Auto-claiming legacy databases is intentionally disabled to prevent\nsilent corruption when databases are copied between repositories.\n"
time=2026-03-18T21:53:59.581+03:00 level=INFO msg="Daemon started (interval: %v, auto-commit: %v, auto-push: %v)" !BADKEY=5s !BADKEY=false !BADKEY=false
time=2026-03-18T21:53:59.582+03:00 level=INFO msg="using database" path=/Users/egv/dev/yolo-runner/.yolo-runner/clones/yolo-c72.4.3/internal/beads/.beads/beads.db
time=2026-03-18T21:53:59.587+03:00 level=INFO msg="database opened" path=/Users/egv/dev/yolo-runner/.yolo-runner/clones/yolo-c72.4.3/internal/beads/.beads/beads.db backend=sqlite freshness_checking=true
time=2026-03-18T21:53:59.587+03:00 level=INFO msg="upgrading .beads/.gitignore"
time=2026-03-18T21:53:59.587+03:00 level=WARN msg="failed to upgrade .gitignore" error="open .beads/.gitignore: no such file or directory"
time=2026-03-18T21:53:59.587+03:00 level=ERROR msg="repository fingerprint validation failed" error="\nLEGACY DATABASE DETECTED!\n\nThis database was created before version 0.17.5 and lacks a repository fingerprint.\nTo continue using this database, you must explicitly set its repository ID:\n\n  bd migrate --update-repo-id\n\nThis ensures the database is bound to this repository and prevents accidental\ndatabase sharing between different repositories.\n\nIf this is a fresh clone, run:\n  rm -rf .beads && bd init\n\nNote: Auto-claiming legacy databases is intentionally disabled to prevent\nsilent corruption when databases are copied between repositories.\n"
time=2026-03-18T21:54:04.728+03:00 level=INFO msg="Daemon started (interval: %v, auto-commit: %v, auto-push: %v)" !BADKEY=5s !BADKEY=false !BADKEY=false
time=2026-03-18T21:54:04.728+03:00 level=INFO msg="using database" path=/Users/egv/dev/yolo-runner/.yolo-runner/clones/yolo-c72.4.3/internal/beads/.beads/beads.db
time=2026-03-18T21:54:04.740+03:00 level=INFO msg="database opened" path=/Users/egv/dev/yolo-runner/.yolo-runner/clones/yolo-c72.4.3/internal/beads/.beads/beads.db backend=sqlite freshness_checking=true
time=2026-03-18T21:54:04.740+03:00 level=INFO msg="upgrading .beads/.gitignore"
time=2026-03-18T21:54:04.740+03:00 level=WARN msg="failed to upgrade .gitignore" error="open .beads/.gitignore: no such file or directory"
time=2026-03-18T21:54:04.740+03:00 level=ERROR msg="repository fingerprint validation failed" error="\nLEGACY DATABASE DETECTED!\n\nThis database was created before version 0.17.5 and lacks a repository fingerprint.\nTo continue using this database, you must explicitly set its repository ID:\n\n  bd migrate --update-repo-id\n\nThis ensures the database is bound to this repository and prevents accidental\ndatabase sharing between different repositories.\n\nIf this is a fresh clone, run:\n  rm -rf .beads && bd init\n\nNote: Auto-claiming legacy databases is intentionally disabled to prevent\nsilent corruption when databases are copied between repositories.\n"
time=2026-03-18T21:54:09.919+03:00 level=INFO msg="Daemon started (interval: %v, auto-commit: %v, auto-push: %v)" !BADKEY=5s !BADKEY=false !BADKEY=false
time=2026-03-18T21:54:09.919+03:00 level=INFO msg="using database" path=/Users/egv/dev/yolo-runner/.yolo-runner/clones/yolo-c72.4.3/internal/beads/.beads/beads.db
time=2026-03-18T21:54:09.927+03:00 level=INFO msg="database opened" path=/Users/egv/dev/yolo-runner/.yolo-runner/clones/yolo-c72.4.3/internal/beads/.beads/beads.db backend=sqlite freshness_checking=true
time=2026-03-18T21:54:09.927+03:00 level=INFO msg="upgrading .beads/.gitignore"
time=2026-03-18T21:54:09.927+03:00 level=WARN msg="failed to upgrade .gitignore" error="open .beads/.gitignore: no such file or directory"
time=2026-03-18T21:54:09.927+03:00 level=ERROR msg="repository fingerprint validation failed" error="\nLEGACY DATABASE DETECTED!\n\nThis database was created before version 0.17.5 and lacks a repository fingerprint.\nTo continue using this database, you must explicitly set its repository ID:\n\n  bd migrate --update-repo-id\n\nThis ensures the database is bound to this repository and prevents accidental\ndatabase sharing between different repositories.\n\nIf this is a fresh clone, run:\n  rm -rf .beads && bd init\n\nNote: Auto-claiming legacy databases is intentionally disabled to prevent\nsilent corruption when databases are copied between repositories.\n"
time=2026-03-18T21:54:15.077+03:00 level=INFO msg="Daemon started (interval: %v, auto-commit: %v, auto-push: %v)" !BADKEY=5s !BADKEY=false !BADKEY=false
time=2026-03-18T21:54:15.078+03:00 level=INFO msg="using database" path=/Users/egv/dev/yolo-runner/.yolo-runner/clones/yolo-c72.4.3/internal/beads/.beads/beads.db
time=2026-03-18T21:54:15.083+03:00 level=INFO msg="database opened" path=/Users/egv/dev/yolo-runner/.yolo-runner/clones/yolo-c72.4.3/internal/beads/.beads/beads.db backend=sqlite freshness_checking=true
time=2026-03-18T21:54:15.083+03:00 level=INFO msg="upgrading .beads/.gitignore"
time=2026-03-18T21:54:15.083+03:00 level=WARN msg="failed to upgrade .gitignore" error="open .beads/.gitignore: no such file or directory"
time=2026-03-18T21:54:15.083+03:00 level=ERROR msg="repository fingerprint validation failed" error="\nLEGACY DATABASE DETECTED!\n\nThis database was created before version 0.17.5 and lacks a repository fingerprint.\nTo continue using this database, you must explicitly set its repository ID:\n\n  bd migrate --update-repo-id\n\nThis ensures the database is bound to this repository and prevents accidental\ndatabase sharing between different repositories.\n\nIf this is a fresh clone, run:\n  rm -rf .beads && bd init\n\nNote: Auto-claiming legacy databases is intentionally disabled to prevent\nsilent corruption when databases are copied between repositories.\n"
time=2026-03-18T21:56:26.891+03:00 level=INFO msg="Daemon started (interval: %v, auto-commit: %v, auto-push: %v)" !BADKEY=5s !BADKEY=false !BADKEY=false
time=2026-03-18T21:56:26.891+03:00 level=INFO msg="using database" path=/Users/egv/dev/yolo-runner/.yolo-runner/clones/yolo-c72.4.3/internal/beads/.beads/beads.db
time=2026-03-18T21:56:26.897+03:00 level=INFO msg="database opened" path=/Users/egv/dev/yolo-runner/.yolo-runner/clones/yolo-c72.4.3/internal/beads/.beads/beads.db backend=sqlite freshness_checking=true
time=2026-03-18T21:56:26.897+03:00 level=INFO msg="upgrading .beads/.gitignore"
time=2026-03-18T21:56:26.897+03:00 level=WARN msg="failed to upgrade .gitignore" error="open .beads/.gitignore: no such file or directory"
time=2026-03-18T21:56:26.897+03:00 level=ERROR msg="repository fingerprint validation failed" error="\nLEGACY DATABASE DETECTED!\n\nThis database was created before version 0.17.5 and lacks a repository fingerprint.\nTo continue using this database, you must explicitly set its repository ID:\n\n  bd migrate --update-repo-id\n\nThis ensures the database is bound to this repository and prevents accidental\ndatabase sharing between different repositories.\n\nIf this is a fresh clone, run:\n  rm -rf .beads && bd init\n\nNote: Auto-claiming legacy databases is intentionally disabled to prevent\nsilent corruption when databases are copied between repositories.\n"
time=2026-03-18T21:56:32.016+03:00 level=INFO msg="Daemon started (interval: %v, auto-commit: %v, auto-push: %v)" !BADKEY=5s !BADKEY=false !BADKEY=false
time=2026-03-18T21:56:32.016+03:00 level=INFO msg="using database" path=/Users/egv/dev/yolo-runner/.yolo-runner/clones/yolo-c72.4.3/internal/beads/.beads/beads.db
time=2026-03-18T21:56:32.022+03:00 level=INFO msg="database opened" path=/Users/egv/dev/yolo-runner/.yolo-runner/clones/yolo-c72.4.3/internal/beads/.beads/beads.db backend=sqlite freshness_checking=true
time=2026-03-18T21:56:32.022+03:00 level=INFO msg="upgrading .beads/.gitignore"
time=2026-03-18T21:56:32.022+03:00 level=WARN msg="failed to upgrade .gitignore" error="open .beads/.gitignore: no such file or directory"
time=2026-03-18T21:56:32.022+03:00 level=ERROR msg="repository fingerprint validation failed" error="\nLEGACY DATABASE DETECTED!\n\nThis database was created before version 0.17.5 and lacks a repository fingerprint.\nTo continue using this database, you must explicitly set its repository ID:\n\n  bd migrate --update-repo-id\n\nThis ensures the database is bound to this repository and prevents accidental\ndatabase sharing between different repositories.\n\nIf this is a fresh clone, run:\n  rm -rf .beads && bd init\n\nNote: Auto-claiming legacy databases is intentionally disabled to prevent\nsilent corruption when databases are copied between repositories.\n"
time=2026-03-18T21:56:37.191+03:00 level=INFO msg="Daemon started (interval: %v, auto-commit: %v, auto-push: %v)" !BADKEY=5s !BADKEY=false !BADKEY=false
time=2026-03-18T21:56:37.191+03:00 level=INFO msg="using database" path=/Users/egv/dev/yolo-runner/.yolo-runner/clones/yolo-c72.4.3/internal/beads/.beads/beads.db
time=2026-03-18T21:56:37.196+03:00 level=INFO msg="database opened" path=/Users/egv/dev/yolo-runner/.yolo-runner/clones/yolo-c72.4.3/internal/beads/.beads/beads.db backend=sqlite freshness_checking=true
time=2026-03-18T21:56:37.196+03:00 level=INFO msg="upgrading .beads/.gitignore"
time=2026-03-18T21:56:37.196+03:00 level=WARN msg="failed to upgrade .gitignore" error="open .beads/.gitignore: no such file or directory"
time=2026-03-18T21:56:37.196+03:00 level=ERROR msg="repository fingerprint validation failed" error="\nLEGACY DATABASE DETECTED!\n\nThis database was created before version 0.17.5 and lacks a repository fingerprint.\nTo continue using this database, you must explicitly set its repository ID:\n\n  bd migrate --update-repo-id\n\nThis ensures the database is bound to this repository and prevents accidental\ndatabase sharing between different repositories.\n\nIf this is a fresh clone, run:\n  rm -rf .beads && bd init\n\nNote: Auto-claiming legacy databases is intentionally disabled to prevent\nsilent corruption when databases are copied between repositories.\n"
time=2026-03-18T21:56:42.345+03:00 level=INFO msg="Daemon started (interval: %v, auto-commit: %v, auto-push: %v)" !BADKEY=5s !BADKEY=false !BADKEY=false
time=2026-03-18T21:56:42.349+03:00 level=INFO msg="using database" path=/Users/egv/dev/yolo-runner/.yolo-runner/clones/yolo-c72.4.3/internal/beads/.beads/beads.db
time=2026-03-18T21:56:42.354+03:00 level=INFO msg="database opened" path=/Users/egv/dev/yolo-runner/.yolo-runner/clones/yolo-c72.4.3/internal/beads/.beads/beads.db backend=sqlite freshness_checking=true
time=2026-03-18T21:56:42.354+03:00 level=INFO msg="upgrading .beads/.gitignore"
time=2026-03-18T21:56:42.354+03:00 level=WARN msg="failed to upgrade .gitignore" error="open .beads/.gitignore: no such file or directory"
time=2026-03-18T21:56:42.354+03:00 level=ERROR msg="repository fingerprint validation failed" error="\nLEGACY DATABASE DETECTED!\n\nThis database was created before version 0.17.5 and lacks a repository fingerprint.\nTo continue using this database, you must explicitly set its repository ID:\n\n  bd migrate --update-repo-id\n\nThis ensures the database is bound to this repository and prevents accidental\ndatabase sharing between different repositories.\n\nIf this is a fresh clone, run:\n  rm -rf .beads && bd init\n\nNote: Auto-claiming legacy databases is intentionally disabled to prevent\nsilent corruption when databases are copied between repositories.\n"
time=2026-03-18T21:56:47.513+03:00 level=INFO msg="Daemon started (interval: %v, auto-commit: %v, auto-push: %v)" !BADKEY=5s !BADKEY=false !BADKEY=false
time=2026-03-18T21:56:47.513+03:00 level=INFO msg="using database" path=/Users/egv/dev/yolo-runner/.yolo-runner/clones/yolo-c72.4.3/internal/beads/.beads/beads.db
time=2026-03-18T21:56:47.518+03:00 level=INFO msg="database opened" path=/Users/egv/dev/yolo-runner/.yolo-runner/clones/yolo-c72.4.3/internal/beads/.beads/beads.db backend=sqlite freshness_checking=true
time=2026-03-18T21:56:47.518+03:00 level=INFO msg="upgrading .beads/.gitignore"
time=2026-03-18T21:56:47.518+03:00 level=WARN msg="failed to upgrade .gitignore" error="open .beads/.gitignore: no such file or directory"
time=2026-03-18T21:56:47.518+03:00 level=ERROR msg="repository fingerprint validation failed" error="\nLEGACY DATABASE DETECTED!\n\nThis database was created before version 0.17.5 and lacks a repository fingerprint.\nTo continue using this database, you must explicitly set its repository ID:\n\n  bd migrate --update-repo-id\n\nThis ensures the database is bound to this repository and prevents accidental\ndatabase sharing between different repositories.\n\nIf this is a fresh clone, run:\n  rm -rf .beads && bd init\n\nNote: Auto-claiming legacy databases is intentionally disabled to prevent\nsilent corruption when databases are copied between repositories.\n"
time=2026-03-18T21:56:52.680+03:00 level=INFO msg="Daemon started (interval: %v, auto-commit: %v, auto-push: %v)" !BADKEY=5s !BADKEY=false !BADKEY=false
time=2026-03-18T21:56:52.681+03:00 level=INFO msg="using database" path=/Users/egv/dev/yolo-runner/.yolo-runner/clones/yolo-c72.4.3/internal/beads/.beads/beads.db
time=2026-03-18T21:56:52.689+03:00 level=INFO msg="database opened" path=/Users/egv/dev/yolo-runner/.yolo-runner/clones/yolo-c72.4.3/internal/beads/.beads/beads.db backend=sqlite freshness_checking=true
time=2026-03-18T21:56:52.689+03:00 level=INFO msg="upgrading .beads/.gitignore"
time=2026-03-18T21:56:52.689+03:00 level=WARN msg="failed to upgrade .gitignore" error="open .beads/.gitignore: no such file or directory"
time=2026-03-18T21:56:52.689+03:00 level=ERROR msg="repository fingerprint validation failed" error="\nLEGACY DATABASE DETECTED!\n\nThis database was created before version 0.17.5 and lacks a repository fingerprint.\nTo continue using this database, you must explicitly set its repository ID:\n\n  bd migrate --update-repo-id\n\nThis ensures the database is bound to this repository and prevents accidental\ndatabase sharing between different repositories.\n\nIf this is a fresh clone, run:\n  rm -rf .beads && bd init\n\nNote: Auto-claiming legacy databases is intentionally disabled to prevent\nsilent corruption when databases are copied between repositories.\n"
time=2026-03-18T21:57:38.064+03:00 level=INFO msg="Daemon started (interval: %v, auto-commit: %v, auto-push: %v)" !BADKEY=5s !BADKEY=false !BADKEY=false
time=2026-03-18T21:57:38.064+03:00 level=INFO msg="using database" path=/Users/egv/dev/yolo-runner/.yolo-runner/clones/yolo-c72.4.3/internal/beads/.beads/beads.db
time=2026-03-18T21:57:38.071+03:00 level=INFO msg="database opened" path=/Users/egv/dev/yolo-runner/.yolo-runner/clones/yolo-c72.4.3/internal/beads/.beads/beads.db backend=sqlite freshness_checking=true
time=2026-03-18T21:57:38.071+03:00 level=INFO msg="upgrading .beads/.gitignore"
time=2026-03-18T21:57:38.071+03:00 level=WARN msg="failed to upgrade .gitignore" error="open .beads/.gitignore: no such file or directory"
time=2026-03-18T21:57:38.071+03:00 level=ERROR msg="repository fingerprint validation failed" error="\nLEGACY DATABASE DETECTED!\n\nThis database was created before version 0.17.5 and lacks a repository fingerprint.\nTo continue using this database, you must explicitly set its repository ID:\n\n  bd migrate --update-repo-id\n\nThis ensures the database is bound to this repository and prevents accidental\ndatabase sharing between different repositories.\n\nIf this is a fresh clone, run:\n  rm -rf .beads && bd init\n\nNote: Auto-claiming legacy databases is intentionally disabled to prevent\nsilent corruption when databases are copied between repositories.\n"
time=2026-03-18T21:57:43.251+03:00 level=INFO msg="Daemon started (interval: %v, auto-commit: %v, auto-push: %v)" !BADKEY=5s !BADKEY=false !BADKEY=false
time=2026-03-18T21:57:43.252+03:00 level=INFO msg="using database" path=/Users/egv/dev/yolo-runner/.yolo-runner/clones/yolo-c72.4.3/internal/beads/.beads/beads.db
time=2026-03-18T21:57:43.259+03:00 level=INFO msg="database opened" path=/Users/egv/dev/yolo-runner/.yolo-runner/clones/yolo-c72.4.3/internal/beads/.beads/beads.db backend=sqlite freshness_checking=true
time=2026-03-18T21:57:43.259+03:00 level=INFO msg="upgrading .beads/.gitignore"
time=2026-03-18T21:57:43.259+03:00 level=WARN msg="failed to upgrade .gitignore" error="open .beads/.gitignore: no such file or directory"
time=2026-03-18T21:57:43.259+03:00 level=ERROR msg="repository fingerprint validation failed" error="\nLEGACY DATABASE DETECTED!\n\nThis database was created before version 0.17.5 and lacks a repository fingerprint.\nTo continue using this database, you must explicitly set its repository ID:\n\n  bd migrate --update-repo-id\n\nThis ensures the database is bound to this repository and prevents accidental\ndatabase sharing between different repositories.\n\nIf this is a fresh clone, run:\n  rm -rf .beads && bd init\n\nNote: Auto-claiming legacy databases is intentionally disabled to prevent\nsilent corruption when databases are copied between repositories.\n"
time=2026-03-18T21:57:48.386+03:00 level=INFO msg="Daemon started (interval: %v, auto-commit: %v, auto-push: %v)" !BADKEY=5s !BADKEY=false !BADKEY=false
time=2026-03-18T21:57:48.386+03:00 level=INFO msg="using database" path=/Users/egv/dev/yolo-runner/.yolo-runner/clones/yolo-c72.4.3/internal/beads/.beads/beads.db
time=2026-03-18T21:57:48.391+03:00 level=INFO msg="database opened" path=/Users/egv/dev/yolo-runner/.yolo-runner/clones/yolo-c72.4.3/internal/beads/.beads/beads.db backend=sqlite freshness_checking=true
time=2026-03-18T21:57:48.391+03:00 level=INFO msg="upgrading .beads/.gitignore"
time=2026-03-18T21:57:48.391+03:00 level=WARN msg="failed to upgrade .gitignore" error="open .beads/.gitignore: no such file or directory"
time=2026-03-18T21:57:48.391+03:00 level=ERROR msg="repository fingerprint validation failed" error="\nLEGACY DATABASE DETECTED!\n\nThis database was created before version 0.17.5 and lacks a repository fingerprint.\nTo continue using this database, you must explicitly set its repository ID:\n\n  bd migrate --update-repo-id\n\nThis ensures the database is bound to this repository and prevents accidental\ndatabase sharing between different repositories.\n\nIf this is a fresh clone, run:\n  rm -rf .beads && bd init\n\nNote: Auto-claiming legacy databases is intentionally disabled to prevent\nsilent corruption when databases are copied between repositories.\n"
time=2026-03-18T21:57:53.540+03:00 level=INFO msg="Daemon started (interval: %v, auto-commit: %v, auto-push: %v)" !BADKEY=5s !BADKEY=false !BADKEY=false
time=2026-03-18T21:57:53.541+03:00 level=INFO msg="using database" path=/Users/egv/dev/yolo-runner/.yolo-runner/clones/yolo-c72.4.3/internal/beads/.beads/beads.db
time=2026-03-18T21:57:53.550+03:00 level=INFO msg="database opened" path=/Users/egv/dev/yolo-runner/.yolo-runner/clones/yolo-c72.4.3/internal/beads/.beads/beads.db backend=sqlite freshness_checking=true
time=2026-03-18T21:57:53.550+03:00 level=INFO msg="upgrading .beads/.gitignore"
time=2026-03-18T21:57:53.550+03:00 level=WARN msg="failed to upgrade .gitignore" error="open .beads/.gitignore: no such file or directory"
time=2026-03-18T21:57:53.550+03:00 level=ERROR msg="repository fingerprint validation failed" error="\nLEGACY DATABASE DETECTED!\n\nThis database was created before version 0.17.5 and lacks a repository fingerprint.\nTo continue using this database, you must explicitly set its repository ID:\n\n  bd migrate --update-repo-id\n\nThis ensures the database is bound to this repository and prevents accidental\ndatabase sharing between different repositories.\n\nIf this is a fresh clone, run:\n  rm -rf .beads && bd init\n\nNote: Auto-claiming legacy databases is intentionally disabled to prevent\nsilent corruption when databases are copied between repositories.\n"
time=2026-03-18T21:57:58.744+03:00 level=INFO msg="Daemon started (interval: %v, auto-commit: %v, auto-push: %v)" !BADKEY=5s !BADKEY=false !BADKEY=false
time=2026-03-18T21:57:58.747+03:00 level=INFO msg="using database" path=/Users/egv/dev/yolo-runner/.yolo-runner/clones/yolo-c72.4.3/internal/beads/.beads/beads.db
time=2026-03-18T21:57:58.752+03:00 level=INFO msg="database opened" path=/Users/egv/dev/yolo-runner/.yolo-runner/clones/yolo-c72.4.3/internal/beads/.beads/beads.db backend=sqlite freshness_checking=true
time=2026-03-18T21:57:58.752+03:00 level=INFO msg="upgrading .beads/.gitignore"
time=2026-03-18T21:57:58.752+03:00 level=WARN msg="failed to upgrade .gitignore" error="open .beads/.gitignore: no such file or directory"
time=2026-03-18T21:57:58.752+03:00 level=ERROR msg="repository fingerprint validation failed" error="\nLEGACY DATABASE DETECTED!\n\nThis database was created before version 0.17.5 and lacks a repository fingerprint.\nTo continue using this database, you must explicitly set its repository ID:\n\n  bd migrate --update-repo-id\n\nThis ensures the database is bound to this repository and prevents accidental\ndatabase sharing between different repositories.\n\nIf this is a fresh clone, run:\n  rm -rf .beads && bd init\n\nNote: Auto-claiming legacy databases is intentionally disabled to prevent\nsilent corruption when databases are copied between repositories.\n"
time=2026-03-18T21:58:03.952+03:00 level=INFO msg="Daemon started (interval: %v, auto-commit: %v, auto-push: %v)" !BADKEY=5s !BADKEY=false !BADKEY=false
time=2026-03-18T21:58:03.952+03:00 level=INFO msg="using database" path=/Users/egv/dev/yolo-runner/.yolo-runner/clones/yolo-c72.4.3/internal/beads/.beads/beads.db
time=2026-03-18T21:58:03.961+03:00 level=INFO msg="database opened" path=/Users/egv/dev/yolo-runner/.yolo-runner/clones/yolo-c72.4.3/internal/beads/.beads/beads.db backend=sqlite freshness_checking=true
time=2026-03-18T21:58:03.961+03:00 level=INFO msg="upgrading .beads/.gitignore"
time=2026-03-18T21:58:03.961+03:00 level=WARN msg="failed to upgrade .gitignore" error="open .beads/.gitignore: no such file or directory"
time=2026-03-18T21:58:03.961+03:00 level=ERROR msg="repository fingerprint validation failed" error="\nLEGACY DATABASE DETECTED!\n\nThis database was created before version 0.17.5 and lacks a repository fingerprint.\nTo continue using this database, you must explicitly set its repository ID:\n\n  bd migrate --update-repo-id\n\nThis ensures the database is bound to this repository and prevents accidental\ndatabase sharing between different repositories.\n\nIf this is a fresh clone, run:\n  rm -rf .beads && bd init\n\nNote: Auto-claiming legacy databases is intentionally disabled to prevent\nsilent corruption when databases are copied between repositories.\n"
